  Application.cpp
c:\users\jorane\documents\github\projetsynthèse\projetsynthese\formegeometrique.h(6): warning C4067: jetons inattendus après la directive du préprocesseur - saut de ligne attendu
c:\users\jorane\documents\github\projetsynthèse\projetsynthese\triangle.h(23): warning C4290: Spécification d'exception C++ ignorée sauf pour indiquer qu'une fonction n'est pas __declspec(nothrow)
c:\users\jorane\documents\github\projetsynthèse\projetsynthese\triangle.h(30): warning C4290: Spécification d'exception C++ ignorée sauf pour indiquer qu'une fonction n'est pas __declspec(nothrow)
c:\users\jorane\documents\github\projetsynthèse\projetsynthese\triangle.h(31): warning C4290: Spécification d'exception C++ ignorée sauf pour indiquer qu'une fonction n'est pas __declspec(nothrow)
c:\users\jorane\documents\github\projetsynthèse\projetsynthese\triangle.h(32): warning C4290: Spécification d'exception C++ ignorée sauf pour indiquer qu'une fonction n'est pas __declspec(nothrow)
c:\users\jorane\documents\github\projetsynthèse\projetsynthese\application.cpp(31): warning C4101: 'aire' : variable locale non référencée
c:\users\jorane\documents\github\projetsynthèse\projetsynthese\application.cpp(32): warning C4101: 'forme' : variable locale non référencée
c:\users\jorane\documents\github\projetsynthèse\projetsynthese\application.cpp(39): warning C4101: 'i' : variable locale non référencée
  FormeComposee.cpp
c:\users\jorane\documents\github\projetsynthèse\projetsynthese\formegeometrique.h(6): warning C4067: jetons inattendus après la directive du préprocesseur - saut de ligne attendu
c:\users\jorane\documents\github\projetsynthèse\projetsynthese\triangle.h(23): warning C4290: Spécification d'exception C++ ignorée sauf pour indiquer qu'une fonction n'est pas __declspec(nothrow)
c:\users\jorane\documents\github\projetsynthèse\projetsynthese\triangle.h(30): warning C4290: Spécification d'exception C++ ignorée sauf pour indiquer qu'une fonction n'est pas __declspec(nothrow)
c:\users\jorane\documents\github\projetsynthèse\projetsynthese\triangle.h(31): warning C4290: Spécification d'exception C++ ignorée sauf pour indiquer qu'une fonction n'est pas __declspec(nothrow)
c:\users\jorane\documents\github\projetsynthèse\projetsynthese\triangle.h(32): warning C4290: Spécification d'exception C++ ignorée sauf pour indiquer qu'une fonction n'est pas __declspec(nothrow)
  Polygone.cpp
c:\users\jorane\documents\github\projetsynthèse\projetsynthese\formegeometrique.h(6): warning C4067: jetons inattendus après la directive du préprocesseur - saut de ligne attendu
c:\users\jorane\documents\github\projetsynthèse\projetsynthese\triangle.h(23): warning C4290: Spécification d'exception C++ ignorée sauf pour indiquer qu'une fonction n'est pas __declspec(nothrow)
c:\users\jorane\documents\github\projetsynthèse\projetsynthese\triangle.h(30): warning C4290: Spécification d'exception C++ ignorée sauf pour indiquer qu'une fonction n'est pas __declspec(nothrow)
c:\users\jorane\documents\github\projetsynthèse\projetsynthese\triangle.h(31): warning C4290: Spécification d'exception C++ ignorée sauf pour indiquer qu'une fonction n'est pas __declspec(nothrow)
c:\users\jorane\documents\github\projetsynthèse\projetsynthese\triangle.h(32): warning C4290: Spécification d'exception C++ ignorée sauf pour indiquer qu'une fonction n'est pas __declspec(nothrow)
  Génération de code en cours...
  ProjetSynthese.vcxproj -> C:\Users\Jorane\Documents\GitHub\ProjetSynthèse\x64\Debug\ProjetSynthese.exe
